<?xml version="1.0" encoding="UTF-8"?>
<!-- Generated by org.testng.reporters.JUnitReportReporter -->
<testsuite hostname="LAPTOP-CQU4EQ9D" failures="0" tests="3" name="com.webapplication.webtest.NewTest" time="7.707" errors="0" timestamp="2021-09-26T16:22:06 IST" skipped="0">
  <testcase classname="com.webapplication.webtest.NewTest" name="test1" time="3.932"/>
  <system-out/>
  <testcase classname="com.webapplication.webtest.NewTest" name="test2" time="1.884"/>
  <system-out/>
  <testcase classname="com.webapplication.webtest.NewTest" name="test3" time="1.891"/>
  <system-out/>
</testsuite> <!-- com.webapplication.webtest.NewTest -->
