<?xml version="1.0" encoding="UTF-8"?>
<!-- Generated by org.testng.reporters.JUnitReportReporter -->
<testsuite hostname="LAPTOP-CQU4EQ9D" failures="0" tests="5" name="com.webapplication.webtest.NewTest2" time="6.595" errors="0" timestamp="2021-09-26T17:43:16 IST" skipped="0">
  <testcase classname="com.webapplication.webtest.NewTest2" name="test44" time="1.614"/>
  <system-out/>
  <testcase classname="com.webapplication.webtest.NewTest2" name="test55" time="0.157"/>
  <system-out/>
  <testcase classname="com.webapplication.webtest.NewTest2" name="test11" time="2.420"/>
  <system-out/>
  <testcase classname="com.webapplication.webtest.NewTest2" name="test22" time="0.350"/>
  <system-out/>
  <testcase classname="com.webapplication.webtest.NewTest2" name="test33" time="2.054"/>
  <system-out/>
</testsuite> <!-- com.webapplication.webtest.NewTest2 -->
