<?xml version="1.0" encoding="UTF-8"?>
<!-- Generated by org.testng.reporters.JUnitReportReporter -->
<testsuite hostname="LAPTOP-CQU4EQ9D" failures="0" tests="5" name="com.webapplication.webtest.NewTest2" time="14.282" errors="0" timestamp="2021-09-26T19:30:26 IST" skipped="0">
  <testcase classname="com.webapplication.webtest.NewTest2" name="test11" time="5.213"/>
  <system-out/>
  <testcase classname="com.webapplication.webtest.NewTest2" name="test55" time="0.083"/>
  <system-out/>
  <testcase classname="com.webapplication.webtest.NewTest2" name="test22" time="1.673"/>
  <system-out/>
  <testcase classname="com.webapplication.webtest.NewTest2" name="test33" time="3.248"/>
  <system-out/>
  <testcase classname="com.webapplication.webtest.NewTest2" name="test44" time="4.065"/>
  <system-out/>
</testsuite> <!-- com.webapplication.webtest.NewTest2 -->
