<?xml version="1.0" encoding="UTF-8"?>
<!-- Generated by org.testng.reporters.JUnitReportReporter -->
<testsuite hostname="LAPTOP-CQU4EQ9D" failures="0" tests="3" name="com.webapplication.webtest.NewTest" time="7.082" errors="0" timestamp="2021-09-26T19:30:26 IST" skipped="0">
  <testcase classname="com.webapplication.webtest.NewTest" name="test2" time="2.426"/>
  <system-out/>
  <testcase classname="com.webapplication.webtest.NewTest" name="test1" time="1.579"/>
  <system-out/>
  <testcase classname="com.webapplication.webtest.NewTest" name="test3" time="3.077"/>
  <system-out/>
</testsuite> <!-- com.webapplication.webtest.NewTest -->
